This is pdfTeX, Version 3.1415926-1.40.10 (TeX Live 2009/Debian) (format=pdflatex 2015.9.6)  10 OCT 2015 18:40
entering extended mode
 %&-line parsing enabled.
**report_project1.tex
(./report_project1.tex
LaTeX2e <2009/09/24>
Babel <v3.8l> and hyphenation patterns for english, usenglishmax, dumylang, noh
yphenation, farsi, arabic, croatian, bulgarian, ukrainian, russian, czech, slov
ak, danish, dutch, finnish, french, basque, ngerman, german, german-x-2009-06-1
9, ngerman-x-2009-06-19, ibycus, monogreek, greek, ancientgreek, hungarian, san
skrit, italian, latin, latvian, lithuanian, mongolian2a, mongolian, bokmal, nyn
orsk, romanian, irish, coptic, serbian, turkish, welsh, esperanto, uppersorbian
, estonian, indonesian, interlingua, icelandic, kurmanji, slovenian, polish, po
rtuguese, spanish, galician, catalan, swedish, ukenglish, pinyin, loaded.
(/usr/share/texmf-texlive/tex/latex/base/report.cls
Document Class: report 2007/10/19 v1.4h Standard LaTeX document class
(/usr/share/texmf-texlive/tex/latex/base/size11.clo
File: size11.clo 2007/10/19 v1.4h Standard LaTeX file (size option)
)
\c@part=\count79
\c@chapter=\count80
\c@section=\count81
\c@subsection=\count82
\c@subsubsection=\count83
\c@paragraph=\count84
\c@subparagraph=\count85
\c@figure=\count86
\c@table=\count87
\abovecaptionskip=\skip41
\belowcaptionskip=\skip42
\bibindent=\dimen102
) (./report_project1.aux)
\openout1 = `report_project1.aux'.

LaTeX Font Info:    Checking defaults for OML/cmm/m/it on input line 3.
LaTeX Font Info:    ... okay on input line 3.
LaTeX Font Info:    Checking defaults for T1/cmr/m/n on input line 3.
LaTeX Font Info:    ... okay on input line 3.
LaTeX Font Info:    Checking defaults for OT1/cmr/m/n on input line 3.
LaTeX Font Info:    ... okay on input line 3.
LaTeX Font Info:    Checking defaults for OMS/cmsy/m/n on input line 3.
LaTeX Font Info:    ... okay on input line 3.
LaTeX Font Info:    Checking defaults for OMX/cmex/m/n on input line 3.
LaTeX Font Info:    ... okay on input line 3.
LaTeX Font Info:    Checking defaults for U/cmr/m/n on input line 3.
LaTeX Font Info:    ... okay on input line 3.

Underfull \hbox (badness 10000) in paragraph at lines 14--17

 []

LaTeX Font Info:    External font `cmex10' loaded for size
(Font)              <10.95> on input line 17.
LaTeX Font Info:    External font `cmex10' loaded for size
(Font)              <8> on input line 17.
LaTeX Font Info:    External font `cmex10' loaded for size
(Font)              <6> on input line 17.

Underfull \hbox (badness 10000) in paragraph at lines 17--23

 []


Underfull \hbox (badness 10000) in paragraph at lines 17--23

 []

Missing character: There is no â in font cmr10!
Missing character: There is no € in font cmr10!
Missing character: There is no ¢ in font cmr10!
[1

{/var/lib/texmf/fonts/map/pdftex/updmap/pdftex.map}]
Underfull \hbox (badness 10000) in paragraph at lines 28--41

 []


Underfull \hbox (badness 10000) in paragraph at lines 28--41

 []


Underfull \hbox (badness 10000) in paragraph at lines 28--41

 []


Underfull \hbox (badness 10000) in paragraph at lines 28--41

 []


Overfull \hbox (17.73508pt too wide) detected at line 41
[]\OT1/cmr/m/n/10.95 (\OML/cmm/m/it/10.95 q[]\OT1/cmr/m/n/10.95 (\OML/cmm/m/it/
10.95 u[] \OMS/cmsy/m/n/10.95 ^^@ \OML/cmm/m/it/10.95 u[]\OT1/cmr/m/n/10.95 ) \
OMS/cmsy/m/n/10.95 ^^@ \OML/cmm/m/it/10.95 q[]\OT1/cmr/m/n/10.95 (\OML/cmm/m/it
/10.95 u[] \OMS/cmsy/m/n/10.95 ^^@ \OML/cmm/m/it/10.95 u[]\OT1/cmr/m/n/10.95 ))
 = [](\OML/cmm/m/it/10.95 q[]\OT1/cmr/m/n/10.95 (\OML/cmm/m/it/10.95 u[] \OMS/c
msy/m/n/10.95 ^^@ \OML/cmm/m/it/10.95 u[]\OT1/cmr/m/n/10.95 ) + \OML/cmm/m/it/1
0.95 q[]\OT1/cmr/m/n/10.95 (\OML/cmm/m/it/10.95 u[] \OMS/cmsy/m/n/10.95 ^^@ \OM
L/cmm/m/it/10.95 u[]\OT1/cmr/m/n/10.95 ))
 []

[2] [3] (./report_project1.aux) ) 
Here is how much of TeX's memory you used:
 239 strings out of 493848
 2626 string characters out of 1152824
 56061 words of memory out of 3000000
 3594 multiletter control sequences out of 15000+50000
 6678 words of font info for 24 fonts, out of 3000000 for 9000
 714 hyphenation exceptions out of 8191
 21i,5n,19p,1985b,107s stack positions out of 5000i,500n,10000p,200000b,50000s
</usr/share/texmf-texlive/fonts/type1/public/a
msfonts/cm/cmmi10.pfb></usr/share/texmf-texlive/fonts/type1/public/amsfonts/cm/
cmmi6.pfb></usr/share/texmf-texlive/fonts/type1/public/amsfonts/cm/cmmi8.pfb></
usr/share/texmf-texlive/fonts/type1/public/amsfonts/cm/cmr10.pfb></usr/share/te
xmf-texlive/fonts/type1/public/amsfonts/cm/cmr17.pfb></usr/share/texmf-texlive/
fonts/type1/public/amsfonts/cm/cmr6.pfb></usr/share/texmf-texlive/fonts/type1/p
ublic/amsfonts/cm/cmr8.pfb></usr/share/texmf-texlive/fonts/type1/public/amsfont
s/cm/cmsy10.pfb></usr/share/texmf-texlive/fonts/type1/public/amsfonts/cm/cmsy8.
pfb>
Output written on report_project1.pdf (3 pages, 106768 bytes).
PDF statistics:
 48 PDF objects out of 1000 (max. 8388607)
 0 named destinations out of 1000 (max. 500000)
 1 words of extra memory for PDF output out of 10000 (max. 10000000)

